This is pdfTeX, Version 3.14159265-2.6-1.40.18 (TeX Live 2017) (preloaded format=pdflatex 2017.5.23)  15 JUL 2019 23:38
entering extended mode
 restricted \write18 enabled.
 file:line:error style messages enabled.
 %&-line parsing enabled.
**sinThing.tex
(./sinThing.tex
LaTeX2e <2017-04-15>
Babel <3.10> and hyphenation patterns for 84 language(s) loaded.
./sinThing.tex:7: Undefined control sequence.
l.7 \definecolor
                {mycolor1}{rgb}{0.00000,0.44700,0.74100}%
? 
./sinThing.tex:7: Emergency stop.
l.7 \definecolor
                {mycolor1}{rgb}{0.00000,0.44700,0.74100}%
End of file on the terminal!

 
Here is how much of TeX's memory you used:
 5 strings out of 492995
 131 string characters out of 6132704
 54074 words of memory out of 5000000
 3658 multiletter control sequences out of 15000+600000
 3640 words of font info for 14 fonts, out of 8000000 for 9000
 1141 hyphenation exceptions out of 8191
 5i,0n,1p,99b,8s stack positions out of 5000i,500n,10000p,200000b,80000s
./sinThing.tex:7:  ==> Fatal error occurred, no output PDF file produced!
